CRITICAL - 2021-03-18 11:27:32 --> Undefined variable: email
#0 E:\xampp\htdocs\aplikasirameyza\codeigniter\app\Controllers\Login.php(20): CodeIgniter\Debug\Exceptions->errorHandler(8, 'Undefined varia...', 'E:\\xampp\\htdocs...', 20, Array)
#1 E:\xampp\htdocs\aplikasirameyza\codeigniter\system\CodeIgniter.php(935): App\Controllers\Login->auth()
#2 E:\xampp\htdocs\aplikasirameyza\codeigniter\system\CodeIgniter.php(431): CodeIgniter\CodeIgniter->runController(Object(App\Controllers\Login))
#3 E:\xampp\htdocs\aplikasirameyza\codeigniter\system\CodeIgniter.php(332): CodeIgniter\CodeIgniter->handleRequest(NULL, Object(Config\Cache), false)
#4 E:\xampp\htdocs\aplikasirameyza\index.php(44): CodeIgniter\CodeIgniter->run()
#5 {main}
CRITICAL - 2021-03-18 11:27:55 --> Undefined index: user_name
#0 E:\xampp\htdocs\aplikasirameyza\codeigniter\app\Controllers\Login.php(28): CodeIgniter\Debug\Exceptions->errorHandler(8, 'Undefined index...', 'E:\\xampp\\htdocs...', 28, Array)
#1 E:\xampp\htdocs\aplikasirameyza\codeigniter\system\CodeIgniter.php(935): App\Controllers\Login->auth()
#2 E:\xampp\htdocs\aplikasirameyza\codeigniter\system\CodeIgniter.php(431): CodeIgniter\CodeIgniter->runController(Object(App\Controllers\Login))
#3 E:\xampp\htdocs\aplikasirameyza\codeigniter\system\CodeIgniter.php(332): CodeIgniter\CodeIgniter->handleRequest(NULL, Object(Config\Cache), false)
#4 E:\xampp\htdocs\aplikasirameyza\index.php(44): CodeIgniter\CodeIgniter->run()
#5 {main}
CRITICAL - 2021-03-18 11:32:03 --> Invalid file: layout.php
#0 E:\xampp\htdocs\aplikasirameyza\codeigniter\system\View\View.php(203): CodeIgniter\Exceptions\FrameworkException::forInvalidFile('layout.php')
#1 E:\xampp\htdocs\aplikasirameyza\codeigniter\system\View\View.php(236): CodeIgniter\View\View->render('layout', Array, true)
#2 E:\xampp\htdocs\aplikasirameyza\codeigniter\system\Common.php(1217): CodeIgniter\View\View->render('pendaftaran/das...', Array, true)
#3 E:\xampp\htdocs\aplikasirameyza\codeigniter\app\Controllers\Dashboard.php(11): view('pendaftaran/das...')
#4 E:\xampp\htdocs\aplikasirameyza\codeigniter\system\CodeIgniter.php(935): App\Controllers\Dashboard->index()
#5 E:\xampp\htdocs\aplikasirameyza\codeigniter\system\CodeIgniter.php(431): CodeIgniter\CodeIgniter->runController(Object(App\Controllers\Dashboard))
#6 E:\xampp\htdocs\aplikasirameyza\codeigniter\system\CodeIgniter.php(332): CodeIgniter\CodeIgniter->handleRequest(NULL, Object(Config\Cache), false)
#7 E:\xampp\htdocs\aplikasirameyza\index.php(44): CodeIgniter\CodeIgniter->run()
#8 {main}
