CRITICAL - 2021-03-26 01:43:52 --> Undefined offset: 2
#0 E:\xampp\htdocs\aplikasiterpadurameyza\app\Controllers\pendaftaran_umrah\Jamaah.php(399): CodeIgniter\Debug\Exceptions->errorHandler(8, 'Undefined offse...', 'E:\\xampp\\htdocs...', 399, Array)
#1 E:\xampp\htdocs\aplikasiterpadurameyza\app\Controllers\pendaftaran_umrah\Jamaah.php(540): App\Controllers\pendaftaran_umrah\jamaah->tgl_indo('03-26')
#2 E:\xampp\htdocs\aplikasiterpadurameyza\system\CodeIgniter.php(935): App\Controllers\pendaftaran_umrah\jamaah->preview_surat_rekom_rameyza('13')
#3 E:\xampp\htdocs\aplikasiterpadurameyza\system\CodeIgniter.php(431): CodeIgniter\CodeIgniter->runController(Object(App\Controllers\pendaftaran_umrah\jamaah))
#4 E:\xampp\htdocs\aplikasiterpadurameyza\system\CodeIgniter.php(332): CodeIgniter\CodeIgniter->handleRequest(NULL, Object(Config\Cache), false)
#5 E:\xampp\htdocs\aplikasiterpadurameyza\index.php(44): CodeIgniter\CodeIgniter->run()
#6 {main}
CRITICAL - 2021-03-26 01:44:11 --> Undefined offset: 2
#0 E:\xampp\htdocs\aplikasiterpadurameyza\app\Controllers\pendaftaran_umrah\Jamaah.php(399): CodeIgniter\Debug\Exceptions->errorHandler(8, 'Undefined offse...', 'E:\\xampp\\htdocs...', 399, Array)
#1 E:\xampp\htdocs\aplikasiterpadurameyza\app\Controllers\pendaftaran_umrah\Jamaah.php(540): App\Controllers\pendaftaran_umrah\jamaah->tgl_indo('03-26')
#2 E:\xampp\htdocs\aplikasiterpadurameyza\system\CodeIgniter.php(935): App\Controllers\pendaftaran_umrah\jamaah->preview_surat_rekom_rameyza('13')
#3 E:\xampp\htdocs\aplikasiterpadurameyza\system\CodeIgniter.php(431): CodeIgniter\CodeIgniter->runController(Object(App\Controllers\pendaftaran_umrah\jamaah))
#4 E:\xampp\htdocs\aplikasiterpadurameyza\system\CodeIgniter.php(332): CodeIgniter\CodeIgniter->handleRequest(NULL, Object(Config\Cache), false)
#5 E:\xampp\htdocs\aplikasiterpadurameyza\index.php(44): CodeIgniter\CodeIgniter->run()
#6 {main}
CRITICAL - 2021-03-26 01:44:12 --> Undefined offset: 2
#0 E:\xampp\htdocs\aplikasiterpadurameyza\app\Controllers\pendaftaran_umrah\Jamaah.php(399): CodeIgniter\Debug\Exceptions->errorHandler(8, 'Undefined offse...', 'E:\\xampp\\htdocs...', 399, Array)
#1 E:\xampp\htdocs\aplikasiterpadurameyza\app\Controllers\pendaftaran_umrah\Jamaah.php(540): App\Controllers\pendaftaran_umrah\jamaah->tgl_indo('03-26')
#2 E:\xampp\htdocs\aplikasiterpadurameyza\system\CodeIgniter.php(935): App\Controllers\pendaftaran_umrah\jamaah->preview_surat_rekom_rameyza('13')
#3 E:\xampp\htdocs\aplikasiterpadurameyza\system\CodeIgniter.php(431): CodeIgniter\CodeIgniter->runController(Object(App\Controllers\pendaftaran_umrah\jamaah))
#4 E:\xampp\htdocs\aplikasiterpadurameyza\system\CodeIgniter.php(332): CodeIgniter\CodeIgniter->handleRequest(NULL, Object(Config\Cache), false)
#5 E:\xampp\htdocs\aplikasiterpadurameyza\index.php(44): CodeIgniter\CodeIgniter->run()
#6 {main}
CRITICAL - 2021-03-26 01:44:13 --> Undefined offset: 2
#0 E:\xampp\htdocs\aplikasiterpadurameyza\app\Controllers\pendaftaran_umrah\Jamaah.php(399): CodeIgniter\Debug\Exceptions->errorHandler(8, 'Undefined offse...', 'E:\\xampp\\htdocs...', 399, Array)
#1 E:\xampp\htdocs\aplikasiterpadurameyza\app\Controllers\pendaftaran_umrah\Jamaah.php(540): App\Controllers\pendaftaran_umrah\jamaah->tgl_indo('03-26')
#2 E:\xampp\htdocs\aplikasiterpadurameyza\system\CodeIgniter.php(935): App\Controllers\pendaftaran_umrah\jamaah->preview_surat_rekom_rameyza('13')
#3 E:\xampp\htdocs\aplikasiterpadurameyza\system\CodeIgniter.php(431): CodeIgniter\CodeIgniter->runController(Object(App\Controllers\pendaftaran_umrah\jamaah))
#4 E:\xampp\htdocs\aplikasiterpadurameyza\system\CodeIgniter.php(332): CodeIgniter\CodeIgniter->handleRequest(NULL, Object(Config\Cache), false)
#5 E:\xampp\htdocs\aplikasiterpadurameyza\index.php(44): CodeIgniter\CodeIgniter->run()
#6 {main}
CRITICAL - 2021-03-26 01:44:14 --> Undefined offset: 2
#0 E:\xampp\htdocs\aplikasiterpadurameyza\app\Controllers\pendaftaran_umrah\Jamaah.php(399): CodeIgniter\Debug\Exceptions->errorHandler(8, 'Undefined offse...', 'E:\\xampp\\htdocs...', 399, Array)
#1 E:\xampp\htdocs\aplikasiterpadurameyza\app\Controllers\pendaftaran_umrah\Jamaah.php(540): App\Controllers\pendaftaran_umrah\jamaah->tgl_indo('03-26')
#2 E:\xampp\htdocs\aplikasiterpadurameyza\system\CodeIgniter.php(935): App\Controllers\pendaftaran_umrah\jamaah->preview_surat_rekom_rameyza('13')
#3 E:\xampp\htdocs\aplikasiterpadurameyza\system\CodeIgniter.php(431): CodeIgniter\CodeIgniter->runController(Object(App\Controllers\pendaftaran_umrah\jamaah))
#4 E:\xampp\htdocs\aplikasiterpadurameyza\system\CodeIgniter.php(332): CodeIgniter\CodeIgniter->handleRequest(NULL, Object(Config\Cache), false)
#5 E:\xampp\htdocs\aplikasiterpadurameyza\index.php(44): CodeIgniter\CodeIgniter->run()
#6 {main}
CRITICAL - 2021-03-26 01:50:52 --> Undefined offset: 1
#0 E:\xampp\htdocs\aplikasiterpadurameyza\app\Views\pendaftaran_umrah\preview_surat_rekom_rameyza.php(150): CodeIgniter\Debug\Exceptions->errorHandler(8, 'Undefined offse...', 'E:\\xampp\\htdocs...', 150, Array)
#1 E:\xampp\htdocs\aplikasiterpadurameyza\system\View\View.php(220): include('E:\\xampp\\htdocs...')
#2 E:\xampp\htdocs\aplikasiterpadurameyza\system\View\View.php(222): CodeIgniter\View\View->CodeIgniter\View\{closure}()
#3 E:\xampp\htdocs\aplikasiterpadurameyza\system\Common.php(1217): CodeIgniter\View\View->render('pendaftaran_umr...', Array, true)
#4 E:\xampp\htdocs\aplikasiterpadurameyza\app\Controllers\pendaftaran_umrah\Jamaah.php(543): view('pendaftaran_umr...', Array)
#5 E:\xampp\htdocs\aplikasiterpadurameyza\system\CodeIgniter.php(935): App\Controllers\pendaftaran_umrah\jamaah->preview_surat_rekom_rameyza('13')
#6 E:\xampp\htdocs\aplikasiterpadurameyza\system\CodeIgniter.php(431): CodeIgniter\CodeIgniter->runController(Object(App\Controllers\pendaftaran_umrah\jamaah))
#7 E:\xampp\htdocs\aplikasiterpadurameyza\system\CodeIgniter.php(332): CodeIgniter\CodeIgniter->handleRequest(NULL, Object(Config\Cache), false)
#8 E:\xampp\htdocs\aplikasiterpadurameyza\index.php(44): CodeIgniter\CodeIgniter->run()
#9 {main}
CRITICAL - 2021-03-26 01:52:00 --> Undefined offset: 26
#0 E:\xampp\htdocs\aplikasiterpadurameyza\app\Views\pendaftaran_umrah\preview_surat_rekom_rameyza.php(164): CodeIgniter\Debug\Exceptions->errorHandler(8, 'Undefined offse...', 'E:\\xampp\\htdocs...', 164, Array)
#1 E:\xampp\htdocs\aplikasiterpadurameyza\system\View\View.php(220): include('E:\\xampp\\htdocs...')
#2 E:\xampp\htdocs\aplikasiterpadurameyza\system\View\View.php(222): CodeIgniter\View\View->CodeIgniter\View\{closure}()
#3 E:\xampp\htdocs\aplikasiterpadurameyza\system\Common.php(1217): CodeIgniter\View\View->render('pendaftaran_umr...', Array, true)
#4 E:\xampp\htdocs\aplikasiterpadurameyza\app\Controllers\pendaftaran_umrah\Jamaah.php(543): view('pendaftaran_umr...', Array)
#5 E:\xampp\htdocs\aplikasiterpadurameyza\system\CodeIgniter.php(935): App\Controllers\pendaftaran_umrah\jamaah->preview_surat_rekom_rameyza('13')
#6 E:\xampp\htdocs\aplikasiterpadurameyza\system\CodeIgniter.php(431): CodeIgniter\CodeIgniter->runController(Object(App\Controllers\pendaftaran_umrah\jamaah))
#7 E:\xampp\htdocs\aplikasiterpadurameyza\system\CodeIgniter.php(332): CodeIgniter\CodeIgniter->handleRequest(NULL, Object(Config\Cache), false)
#8 E:\xampp\htdocs\aplikasiterpadurameyza\index.php(44): CodeIgniter\CodeIgniter->run()
#9 {main}
CRITICAL - 2021-03-26 01:52:02 --> Undefined offset: 26
#0 E:\xampp\htdocs\aplikasiterpadurameyza\app\Views\pendaftaran_umrah\preview_surat_rekom_rameyza.php(164): CodeIgniter\Debug\Exceptions->errorHandler(8, 'Undefined offse...', 'E:\\xampp\\htdocs...', 164, Array)
#1 E:\xampp\htdocs\aplikasiterpadurameyza\system\View\View.php(220): include('E:\\xampp\\htdocs...')
#2 E:\xampp\htdocs\aplikasiterpadurameyza\system\View\View.php(222): CodeIgniter\View\View->CodeIgniter\View\{closure}()
#3 E:\xampp\htdocs\aplikasiterpadurameyza\system\Common.php(1217): CodeIgniter\View\View->render('pendaftaran_umr...', Array, true)
#4 E:\xampp\htdocs\aplikasiterpadurameyza\app\Controllers\pendaftaran_umrah\Jamaah.php(543): view('pendaftaran_umr...', Array)
#5 E:\xampp\htdocs\aplikasiterpadurameyza\system\CodeIgniter.php(935): App\Controllers\pendaftaran_umrah\jamaah->preview_surat_rekom_rameyza('13')
#6 E:\xampp\htdocs\aplikasiterpadurameyza\system\CodeIgniter.php(431): CodeIgniter\CodeIgniter->runController(Object(App\Controllers\pendaftaran_umrah\jamaah))
#7 E:\xampp\htdocs\aplikasiterpadurameyza\system\CodeIgniter.php(332): CodeIgniter\CodeIgniter->handleRequest(NULL, Object(Config\Cache), false)
#8 E:\xampp\htdocs\aplikasiterpadurameyza\index.php(44): CodeIgniter\CodeIgniter->run()
#9 {main}
