CRITICAL - 2021-04-04 10:36:10 --> Trying to get property 'jamaah_id' of non-object
#0 E:\xampp\htdocs\aplikasiterpadurameyza\app\Controllers\pendaftaran_umrah\Jamaah.php(359): CodeIgniter\Debug\Exceptions->errorHandler(8, 'Trying to get p...', 'E:\\xampp\\htdocs...', 359, Array)
#1 E:\xampp\htdocs\aplikasiterpadurameyza\system\CodeIgniter.php(935): App\Controllers\pendaftaran_umrah\jamaah->preview_surat_pernyataan('SURAT PERNYATAA...', 'image001.png')
#2 E:\xampp\htdocs\aplikasiterpadurameyza\system\CodeIgniter.php(431): CodeIgniter\CodeIgniter->runController(Object(App\Controllers\pendaftaran_umrah\jamaah))
#3 E:\xampp\htdocs\aplikasiterpadurameyza\system\CodeIgniter.php(332): CodeIgniter\CodeIgniter->handleRequest(NULL, Object(Config\Cache), false)
#4 E:\xampp\htdocs\aplikasiterpadurameyza\index.php(44): CodeIgniter\CodeIgniter->run()
#5 {main}
CRITICAL - 2021-04-04 10:36:36 --> Trying to get property 'jamaah_id' of non-object
#0 E:\xampp\htdocs\aplikasiterpadurameyza\app\Controllers\pendaftaran_umrah\Jamaah.php(434): CodeIgniter\Debug\Exceptions->errorHandler(8, 'Trying to get p...', 'E:\\xampp\\htdocs...', 434, Array)
#1 E:\xampp\htdocs\aplikasiterpadurameyza\system\CodeIgniter.php(935): App\Controllers\pendaftaran_umrah\jamaah->preview_surat_pernyataan2('SURAT PERNYATAA...', 'image001.png')
#2 E:\xampp\htdocs\aplikasiterpadurameyza\system\CodeIgniter.php(431): CodeIgniter\CodeIgniter->runController(Object(App\Controllers\pendaftaran_umrah\jamaah))
#3 E:\xampp\htdocs\aplikasiterpadurameyza\system\CodeIgniter.php(332): CodeIgniter\CodeIgniter->handleRequest(NULL, Object(Config\Cache), false)
#4 E:\xampp\htdocs\aplikasiterpadurameyza\index.php(44): CodeIgniter\CodeIgniter->run()
#5 {main}
CRITICAL - 2021-04-04 15:35:49 --> date_format() expects parameter 1 to be DateTimeInterface, string given
#0 [internal function]: CodeIgniter\Debug\Exceptions->errorHandler(2, 'date_format() e...', 'E:\\xampp\\htdocs...', 43, Array)
#1 E:\xampp\htdocs\aplikasiterpadurameyza\app\Views\pendaftaran_umrah\edit_paket.php(43): date_format('2021-03-19', 'Y-m-d')
#2 E:\xampp\htdocs\aplikasiterpadurameyza\system\View\View.php(220): include('E:\\xampp\\htdocs...')
#3 E:\xampp\htdocs\aplikasiterpadurameyza\system\View\View.php(222): CodeIgniter\View\View->CodeIgniter\View\{closure}()
#4 E:\xampp\htdocs\aplikasiterpadurameyza\system\Common.php(1217): CodeIgniter\View\View->render('pendaftaran_umr...', Array, true)
#5 E:\xampp\htdocs\aplikasiterpadurameyza\app\Controllers\pendaftaran_umrah\Paket.php(58): view('pendaftaran_umr...', Array)
#6 E:\xampp\htdocs\aplikasiterpadurameyza\system\CodeIgniter.php(935): App\Controllers\pendaftaran_umrah\paket->edit('1')
#7 E:\xampp\htdocs\aplikasiterpadurameyza\system\CodeIgniter.php(431): CodeIgniter\CodeIgniter->runController(Object(App\Controllers\pendaftaran_umrah\paket))
#8 E:\xampp\htdocs\aplikasiterpadurameyza\system\CodeIgniter.php(332): CodeIgniter\CodeIgniter->handleRequest(NULL, Object(Config\Cache), false)
#9 E:\xampp\htdocs\aplikasiterpadurameyza\index.php(44): CodeIgniter\CodeIgniter->run()
#10 {main}
CRITICAL - 2021-04-04 15:44:17 --> Class 'App\Controllers\pendaftaran_umrah\DateTime' not found
#0 E:\xampp\htdocs\aplikasiterpadurameyza\system\CodeIgniter.php(935): App\Controllers\pendaftaran_umrah\paket->updatedata_aksi()
#1 E:\xampp\htdocs\aplikasiterpadurameyza\system\CodeIgniter.php(431): CodeIgniter\CodeIgniter->runController(Object(App\Controllers\pendaftaran_umrah\paket))
#2 E:\xampp\htdocs\aplikasiterpadurameyza\system\CodeIgniter.php(332): CodeIgniter\CodeIgniter->handleRequest(NULL, Object(Config\Cache), false)
#3 E:\xampp\htdocs\aplikasiterpadurameyza\index.php(44): CodeIgniter\CodeIgniter->run()
#4 {main}
